<?xml version="1.0" encoding="UTF-8"?>
<!-- Generated by org.testng.reporters.JUnitReportReporter -->
<testsuite hostname="shashi" name="demoJenkins.DemoJenkinsJobs" tests="1" failures="0" timestamp="29 Dec 2016 15:50:19 GMT" time="0.009" errors="0">
  <testcase name="testJenkins" time="0.009" classname="demoJenkins.DemoJenkinsJobs"/>
</testsuite> <!-- demoJenkins.DemoJenkinsJobs -->
